2025-03-11 12:04:32,250 - INFO - launcher - Logging to file: log/2025-03-11_12-04-32.log
2025-03-11 12:04:32,250 - INFO - launcher - Starting Network Scanner...
2025-03-11 12:04:32,250 - INFO - launcher - Starting API server thread...
2025-03-11 12:04:32,250 - INFO - launcher - Starting Web server thread...
2025-03-11 12:04:32,250 - INFO - launcher - Starting Flask web server on http://127.0.0.1:5000
2025-03-11 12:04:32,250 - INFO - launcher - Waiting for API server to start...
2025-03-11 12:04:32,251 - DEBUG - network_scanner.core.event_bus - EventBus initialized
2025-03-11 12:04:32,252 - DEBUG - network_scanner.core.plugin_manager - PluginManager initialized
2025-03-11 12:04:32,266 - DEBUG - network_scanner.core.config_manager - ConfigManager initialized
2025-03-11 12:04:32,266 - DEBUG - network_scanner.core.scheduler - Scheduler initialized
2025-03-11 12:04:32,266 - DEBUG - network_scanner.core.scheduler - AsyncScheduler initialized
2025-03-11 12:04:32,536 [INFO] root (logging_setup.py:84): Logging initialized with level INFO
2025-03-11 12:04:32,536 [INFO] root (logging_setup.py:88): Logging to file: log/2025-03-11_12-04-32.log
2025-03-11 12:04:32,536 [INFO] network_scanner.backend.api.server (server.py:33): API server logging to file: log/2025-03-11_12-04-32.log
2025-03-11 12:04:32,549 [INFO] network_scanner.discovery.ping_scanner (ping_scanner.py:57): PingScanner initialized with target: 192.168.1.0/24
2025-03-11 12:04:32,549 [INFO] network_scanner.service_detection.port_scanner (port_scanner.py:84): PortScanner initialized without target
2025-03-11 12:04:32,549 [INFO] network_scanner.service_detection.nmap_scanner (nmap_scanner.py:69): NmapScanner initialized without target
2025-03-11 12:04:32,556 [INFO] network_scanner.service_detection.nmap_scanner (nmap_scanner.py:74): Nmap detected: Nmap version 7.95 ( https://nmap.org )
2025-03-11 12:04:32,557 [INFO] network_scanner.fingerprinting.ttl_analyzer (ttl_analyzer.py:62): TTLAnalyzer initialized without target
2025-03-11 12:04:32,561 [INFO] launcher (launcher.py:64): Starting FastAPI server on http://127.0.0.1:8000
2025-03-11 12:04:32,565 [INFO] network_scanner.web (app.py:44): Flask application logging to file: log/2025-03-11_12-04-32.log
2025-03-11 12:04:32,567 [INFO] network_scanner.discovery.ping_scanner (ping_scanner.py:57): PingScanner initialized with target: 192.168.1.0/24
2025-03-11 12:04:32,568 [INFO] network_scanner.service_detection.port_scanner (port_scanner.py:84): PortScanner initialized without target
2025-03-11 12:04:32,568 [INFO] network_scanner.service_detection.nmap_scanner (nmap_scanner.py:69): NmapScanner initialized without target
2025-03-11 12:04:32,576 [INFO] network_scanner.service_detection.nmap_scanner (nmap_scanner.py:74): Nmap detected: Nmap version 7.95 ( https://nmap.org )
2025-03-11 12:04:32,576 [INFO] network_scanner.fingerprinting.ttl_analyzer (ttl_analyzer.py:62): TTLAnalyzer initialized without target
2025-03-11 12:04:32,576 [INFO] launcher (launcher.py:70): Scanner service initialization: Success
2025-03-11 12:04:32,600 [INFO] werkzeug (_internal.py:97): [31m[1mWARNING: This is a development server. Do not use it in a production deployment. Use a production WSGI server instead.[0m
 * Running on http://127.0.0.1:5000
2025-03-11 12:04:32,600 [INFO] werkzeug (_internal.py:97): [33mPress CTRL+C to quit[0m
2025-03-11 12:04:32,602 [INFO] uvicorn.error (server.py:83): Started server process [57313]
2025-03-11 12:04:32,602 [INFO] uvicorn.error (on.py:48): Waiting for application startup.
2025-03-11 12:04:32,602 [INFO] uvicorn.error (on.py:62): Application startup complete.
2025-03-11 12:04:32,603 [INFO] uvicorn.error (server.py:215): Uvicorn running on http://127.0.0.1:8000 (Press CTRL+C to quit)
2025-03-11 12:04:34,255 [INFO] launcher (launcher.py:153): Both servers started. Press Ctrl+C to exit.
