2025-03-11 12:06:14,570 - INFO - launcher - Logging to file: log/2025-03-11_12-06-14.log
2025-03-11 12:06:14,571 - INFO - launcher - Starting Network Scanner...
2025-03-11 12:06:14,571 - INFO - launcher - Starting API server thread...
2025-03-11 12:06:14,571 - INFO - launcher - Starting Web server thread...
2025-03-11 12:06:14,571 - INFO - launcher - Starting Flask web server on http://127.0.0.1:5000
2025-03-11 12:06:14,571 - INFO - launcher - Waiting for API server to start...
2025-03-11 12:06:14,572 - DEBUG - network_scanner.core.event_bus - EventBus initialized
2025-03-11 12:06:14,572 - DEBUG - network_scanner.core.plugin_manager - PluginManager initialized
2025-03-11 12:06:14,586 - DEBUG - network_scanner.core.config_manager - ConfigManager initialized
2025-03-11 12:06:14,587 - DEBUG - network_scanner.core.scheduler - Scheduler initialized
2025-03-11 12:06:14,587 - DEBUG - network_scanner.core.scheduler - AsyncScheduler initialized
2025-03-11 12:06:14,855 [INFO] root (logging_setup.py:84): Logging initialized with level INFO
2025-03-11 12:06:14,855 [INFO] root (logging_setup.py:88): Logging to file: log/2025-03-11_12-06-14.log
2025-03-11 12:06:14,855 [INFO] network_scanner.backend.api.server (server.py:33): API server logging to file: log/2025-03-11_12-06-14.log
2025-03-11 12:06:14,868 [INFO] network_scanner.discovery.ping_scanner (ping_scanner.py:57): PingScanner initialized with target: 192.168.1.0/24
2025-03-11 12:06:14,868 [INFO] network_scanner.service_detection.port_scanner (port_scanner.py:84): PortScanner initialized without target
2025-03-11 12:06:14,868 [INFO] network_scanner.service_detection.nmap_scanner (nmap_scanner.py:69): NmapScanner initialized without target
2025-03-11 12:06:14,874 [INFO] network_scanner.web (app.py:44): Flask application logging to file: log/2025-03-11_12-06-14.log
2025-03-11 12:06:14,874 [INFO] network_scanner.service_detection.nmap_scanner (nmap_scanner.py:74): Nmap detected: Nmap version 7.95 ( https://nmap.org )
2025-03-11 12:06:14,877 [INFO] network_scanner.fingerprinting.ttl_analyzer (ttl_analyzer.py:62): TTLAnalyzer initialized without target
2025-03-11 12:06:14,884 [INFO] launcher (launcher.py:64): Starting FastAPI server on http://127.0.0.1:8000
2025-03-11 12:06:14,891 [INFO] network_scanner.discovery.ping_scanner (ping_scanner.py:57): PingScanner initialized with target: 192.168.1.0/24
2025-03-11 12:06:14,891 [INFO] network_scanner.service_detection.port_scanner (port_scanner.py:84): PortScanner initialized without target
2025-03-11 12:06:14,891 [INFO] network_scanner.service_detection.nmap_scanner (nmap_scanner.py:69): NmapScanner initialized without target
2025-03-11 12:06:14,898 [INFO] network_scanner.service_detection.nmap_scanner (nmap_scanner.py:74): Nmap detected: Nmap version 7.95 ( https://nmap.org )
2025-03-11 12:06:14,898 [INFO] network_scanner.fingerprinting.ttl_analyzer (ttl_analyzer.py:62): TTLAnalyzer initialized without target
2025-03-11 12:06:14,898 [INFO] launcher (launcher.py:70): Scanner service initialization: Success
2025-03-11 12:06:14,910 [INFO] werkzeug (_internal.py:97): [31m[1mWARNING: This is a development server. Do not use it in a production deployment. Use a production WSGI server instead.[0m
 * Running on http://127.0.0.1:5000
2025-03-11 12:06:14,913 [INFO] werkzeug (_internal.py:97): [33mPress CTRL+C to quit[0m
2025-03-11 12:06:14,918 [INFO] uvicorn.error (server.py:83): Started server process [57572]
2025-03-11 12:06:14,918 [INFO] uvicorn.error (on.py:48): Waiting for application startup.
2025-03-11 12:06:14,918 [INFO] uvicorn.error (on.py:62): Application startup complete.
2025-03-11 12:06:14,918 [INFO] uvicorn.error (server.py:215): Uvicorn running on http://127.0.0.1:8000 (Press CTRL+C to quit)
2025-03-11 12:06:16,576 [INFO] launcher (launcher.py:153): Both servers started. Press Ctrl+C to exit.
2025-03-11 12:07:17,013 [INFO] launcher (launcher.py:117): Shutting down servers...
2025-03-11 12:07:17,962 [INFO] launcher (launcher.py:117): Shutting down servers...
2025-03-11 12:07:18,967 [INFO] launcher (launcher.py:124): Shutdown complete. Log file: log/2025-03-11_12-06-14.log
